{"name": "test_user_can_add_product_to_basket", "status": "failed", "statusDetails": {"message": "AssertionError", "trace": "driver = <selenium.webdriver.chrome.webdriver.WebDriver (session=\"e08a0eee589b50b0a0a4eebafa664ba5\")>\n\n    @pytest.fixture()\n    def setup(driver):\n        link = \"http://selenium1py.pythonanywhere.com/\"\n        page = MainPage(driver, link)\n        page.open(link)\n        page.go_to_login_page()\n        login_page = LoginPage(driver, driver.current_url)\n        login_page.should_be_login_page()\n        login_page.register_new_user(BasePage.email, BasePage.password)\n>       login_page.should_be_authorized_user()\n\nmodule_5\\conftest.py:38: \n_ _ _ _ _ _ _ _ _ _ _ _ _ _ _ _ _ _ _ _ _ _ _ _ _ _ _ _ _ _ _ _ _ _ _ _ _ _ _ _ _ _ _ _ _ _ _ _ _ _ _ _ _ _ _ _ _ _ _ _ _ _ _ _ _ _ _ _ _ _ _ _ _ _ _ _ _ _ _ _ _ _ _ _ _ _ _ _ _ _ _ _ _ _ _ _ _ _ _ _ _ _ _ _ \n\nself = <stepik_lessons.module_5.login_page.LoginPage object at 0x0000022298525790>\n\n    def should_be_authorized_user(self):\n>       assert self.is_element_present(*BasePageLocators.USER_ICON)\nE       AssertionError\n\nmodule_5\\pages\\base_page.py:76: AssertionError"}, "start": 1615670593793, "stop": 1615670593793, "uuid": "71920163-d02d-4ab4-83bd-1e00f557a13b", "historyId": "7067a9e3c7ddc2d433d88d7767a8449b", "testCaseId": "cfe3acf5f06c76a86acf90a592771336", "fullName": "module_5.test_product_page.TestUserAddToBasketFromProductPage#test_user_can_add_product_to_basket", "labels": [{"name": "tag", "value": "registered_user"}, {"name": "parentSuite", "value": "module_5"}, {"name": "suite", "value": "test_product_page"}, {"name": "subSuite", "value": "TestUserAddToBasketFromProductPage"}, {"name": "host", "value": "UA01046"}, {"name": "thread", "value": "17892-MainThread"}, {"name": "framework", "value": "pytest"}, {"name": "language", "value": "cpython3"}, {"name": "package", "value": "module_5.test_product_page"}]}