{
  "uid" : "43bfb3619de848f0",
  "name" : "test_guest_cant_see_success_message_after_adding_product_to_basket",
  "fullName" : "module_5.test_product_page.TestProductPage#test_guest_cant_see_success_message_after_adding_product_to_basket",
  "historyId" : "73a493c161f5189f89249bf7a7c46bd7",
  "time" : {
    "start" : 1615670513915,
    "stop" : 1615670516207,
    "duration" : 2292
  },
  "status" : "skipped",
  "statusMessage" : "XFAIL\n\nAssertionError: Success message is presented, but should not be",
  "statusTrace" : "self = <stepik_lessons.module_5.test_product_page.TestProductPage object at 0x00000222985256D0>, driver = <selenium.webdriver.chrome.webdriver.WebDriver (session=\"0390803eb54a66c3eced58afb371c8cf\")>\n\n    @pytest.mark.xfail\n    def test_guest_cant_see_success_message_after_adding_product_to_basket(self, driver):\n        page = ProductPage(driver, product_link)\n        page.open(product_link)\n        page.click_add_to_basket_button()\n>       page.should_not_be_success_message()\n\nmodule_5\\test_product_page.py:26: \n_ _ _ _ _ _ _ _ _ _ _ _ _ _ _ _ _ _ _ _ _ _ _ _ _ _ _ _ _ _ _ _ _ _ _ _ _ _ _ _ _ _ _ _ _ _ _ _ _ _ _ _ _ _ _ _ _ _ _ _ _ _ _ _ _ _ _ _ _ _ _ _ _ _ _ _ _ _ _ _ _ _ _ _ _ _ _ _ _ _ _ _ _ _ _ _ _ _ _ _ _ _ _ _ \n\nself = <stepik_lessons.module_5.pages.product_page.ProductPage object at 0x000002229856D130>\n\n    def should_not_be_success_message(self):\n>       assert self.is_not_element_present(*ProductPageLocators.success_message), \\\n            \"Success message is presented, but should not be\"\nE       AssertionError: Success message is presented, but should not be\n\nmodule_5\\pages\\product_page.py:25: AssertionError",
  "flaky" : false,
  "newFailed" : false,
  "beforeStages" : [ {
    "name" : "driver",
    "time" : {
      "start" : 1615670510560,
      "stop" : 1615670513914,
      "duration" : 3354
    },
    "status" : "passed",
    "steps" : [ ],
    "attachments" : [ ],
    "parameters" : [ ],
    "attachmentsCount" : 0,
    "shouldDisplayMessage" : false,
    "stepsCount" : 0,
    "hasContent" : false
  } ],
  "afterStages" : [ {
    "name" : "driver::0",
    "time" : {
      "start" : 1615670516218,
      "stop" : 1615670518480,
      "duration" : 2262
    },
    "status" : "passed",
    "steps" : [ ],
    "attachments" : [ ],
    "parameters" : [ ],
    "attachmentsCount" : 0,
    "shouldDisplayMessage" : false,
    "stepsCount" : 0,
    "hasContent" : false
  } ],
  "labels" : [ {
    "name" : "tag",
    "value" : "@pytest.mark.xfail"
  }, {
    "name" : "parentSuite",
    "value" : "module_5"
  }, {
    "name" : "suite",
    "value" : "test_product_page"
  }, {
    "name" : "subSuite",
    "value" : "TestProductPage"
  }, {
    "name" : "host",
    "value" : "UA01046"
  }, {
    "name" : "thread",
    "value" : "17892-MainThread"
  }, {
    "name" : "framework",
    "value" : "pytest"
  }, {
    "name" : "language",
    "value" : "cpython3"
  }, {
    "name" : "package",
    "value" : "module_5.test_product_page"
  }, {
    "name" : "resultFormat",
    "value" : "allure2"
  } ],
  "parameters" : [ ],
  "links" : [ ],
  "hidden" : false,
  "retry" : false,
  "extra" : {
    "severity" : "normal",
    "retries" : [ ],
    "categories" : [ ],
    "tags" : [ "@pytest.mark.xfail" ]
  },
  "source" : "43bfb3619de848f0.json",
  "parameterValues" : [ ]
}