{
  "uid" : "5ef070ef9854f501",
  "name" : "test_message_disappeared_after_adding_product_to_basket",
  "fullName" : "module_5.test_product_page.TestProductPage#test_message_disappeared_after_adding_product_to_basket",
  "historyId" : "b1c3189d6400963e937a7a94e38cea78",
  "time" : {
    "start" : 1615670539302,
    "stop" : 1615670545693,
    "duration" : 6391
  },
  "status" : "skipped",
  "statusMessage" : "XFAIL\n\nAssertionError: Success message was present, but now it is not",
  "statusTrace" : "self = <stepik_lessons.module_5.test_product_page.TestProductPage object at 0x000002229850FB80>, driver = <selenium.webdriver.chrome.webdriver.WebDriver (session=\"59624f61ecf59a7c770385a5f133adaf\")>\n\n    @pytest.mark.xfail\n    def test_message_disappeared_after_adding_product_to_basket(self, driver):\n        page = ProductPage(driver, product_link)\n        page.open(product_link)\n        page.click_add_to_basket_button()\n>       page.should_be_disappeared()\n\nmodule_5\\test_product_page.py:38: \n_ _ _ _ _ _ _ _ _ _ _ _ _ _ _ _ _ _ _ _ _ _ _ _ _ _ _ _ _ _ _ _ _ _ _ _ _ _ _ _ _ _ _ _ _ _ _ _ _ _ _ _ _ _ _ _ _ _ _ _ _ _ _ _ _ _ _ _ _ _ _ _ _ _ _ _ _ _ _ _ _ _ _ _ _ _ _ _ _ _ _ _ _ _ _ _ _ _ _ _ _ _ _ _ \n\nself = <stepik_lessons.module_5.pages.product_page.ProductPage object at 0x0000022298525910>\n\n    def should_be_disappeared(self):\n>       assert self.is_disappeared(*ProductPageLocators.success_message), \\\n            \"Success message was present, but now it is not\"\nE       AssertionError: Success message was present, but now it is not\n\nmodule_5\\pages\\product_page.py:29: AssertionError",
  "flaky" : false,
  "newFailed" : false,
  "beforeStages" : [ {
    "name" : "driver",
    "time" : {
      "start" : 1615670535845,
      "stop" : 1615670539301,
      "duration" : 3456
    },
    "status" : "passed",
    "steps" : [ ],
    "attachments" : [ ],
    "parameters" : [ ],
    "attachmentsCount" : 0,
    "shouldDisplayMessage" : false,
    "stepsCount" : 0,
    "hasContent" : false
  } ],
  "afterStages" : [ {
    "name" : "driver::0",
    "time" : {
      "start" : 1615670545701,
      "stop" : 1615670548019,
      "duration" : 2318
    },
    "status" : "passed",
    "steps" : [ ],
    "attachments" : [ ],
    "parameters" : [ ],
    "attachmentsCount" : 0,
    "shouldDisplayMessage" : false,
    "stepsCount" : 0,
    "hasContent" : false
  } ],
  "labels" : [ {
    "name" : "tag",
    "value" : "@pytest.mark.xfail"
  }, {
    "name" : "parentSuite",
    "value" : "module_5"
  }, {
    "name" : "suite",
    "value" : "test_product_page"
  }, {
    "name" : "subSuite",
    "value" : "TestProductPage"
  }, {
    "name" : "host",
    "value" : "UA01046"
  }, {
    "name" : "thread",
    "value" : "17892-MainThread"
  }, {
    "name" : "framework",
    "value" : "pytest"
  }, {
    "name" : "language",
    "value" : "cpython3"
  }, {
    "name" : "package",
    "value" : "module_5.test_product_page"
  }, {
    "name" : "resultFormat",
    "value" : "allure2"
  } ],
  "parameters" : [ ],
  "links" : [ ],
  "hidden" : false,
  "retry" : false,
  "extra" : {
    "severity" : "normal",
    "retries" : [ ],
    "categories" : [ ],
    "tags" : [ "@pytest.mark.xfail" ]
  },
  "source" : "5ef070ef9854f501.json",
  "parameterValues" : [ ]
}